<?xml version="1.0" encoding="UTF-8"?>
<testng-results skipped="0" failed="0" total="1" passed="1">
  <reporter-output>
  </reporter-output>
  <suite name="Command line suite" duration-ms="78" started-at="2016-07-15T10:53:17Z" finished-at="2016-07-15T10:53:17Z">
    <groups>
    </groups>
    <test name="Command line test" duration-ms="78" started-at="2016-07-15T10:53:17Z" finished-at="2016-07-15T10:53:17Z">
      <class name="com.ERP_SA_Mahi.AppTest">
        <test-method status="PASS" signature="testApp()[pri:0, instance:testApp(com.ERP_SA_Mahi.AppTest)]" name="testApp" duration-ms="16" started-at="2016-07-15T16:23:17Z" finished-at="2016-07-15T16:23:17Z">
          <reporter-output>
          </reporter-output>
        </test-method> <!-- testApp -->
      </class> <!-- com.ERP_SA_Mahi.AppTest -->
    </test> <!-- Command line test -->
  </suite> <!-- Command line suite -->
</testng-results>
