<?xml version="1.0" encoding="UTF-8"?>
<testng-results skipped="0" failed="0" total="1" passed="1">
  <reporter-output>
  </reporter-output>
  <suite name="Command line suite" duration-ms="26913" started-at="2016-07-15T10:52:50Z" finished-at="2016-07-15T10:53:17Z">
    <groups>
    </groups>
    <test name="Command line test" duration-ms="26913" started-at="2016-07-15T10:52:50Z" finished-at="2016-07-15T10:53:17Z">
      <class name="com.ERP_SA_Mahi.Test_TestNG">
        <test-method status="PASS" signature="admin_login()[pri:0, instance:com.ERP_SA_Mahi.Test_TestNG@41d0e98]" name="admin_login" duration-ms="26882" started-at="2016-07-15T16:22:50Z" finished-at="2016-07-15T16:23:17Z">
          <reporter-output>
          </reporter-output>
        </test-method> <!-- admin_login -->
      </class> <!-- com.ERP_SA_Mahi.Test_TestNG -->
    </test> <!-- Command line test -->
  </suite> <!-- Command line suite -->
</testng-results>
