<?xml version="1.0" encoding="UTF-8"?>
<testng-results skipped="0" failed="0" total="1" passed="1">
  <reporter-output>
  </reporter-output>
  <suite name="Default suite" duration-ms="19400" started-at="2016-07-15T10:47:32Z" finished-at="2016-07-15T10:47:52Z">
    <groups>
    </groups>
    <test name="Default test" duration-ms="19400" started-at="2016-07-15T10:47:32Z" finished-at="2016-07-15T10:47:52Z">
      <class name="com.ERP_SA_Mahi.Test_TestNG">
        <test-method status="PASS" signature="admin_login()[pri:0, instance:com.ERP_SA_Mahi.Test_TestNG@51bb4422]" name="admin_login" duration-ms="19378" started-at="2016-07-15T16:17:32Z" finished-at="2016-07-15T16:17:52Z">
          <reporter-output>
          </reporter-output>
        </test-method> <!-- admin_login -->
      </class> <!-- com.ERP_SA_Mahi.Test_TestNG -->
    </test> <!-- Default test -->
  </suite> <!-- Default suite -->
</testng-results>
